<?xml version="1.0" encoding="UTF-8"?>
<!-- Generated by org.testng.reporters.JUnitReportReporter -->
<testsuite hostname="DESKTOP-42967V9" failures="0" tests="2" name="com.sample.test.demoScript1" time="0.027" errors="0" timestamp="2021-03-15T22:48:58 IST" skipped="0">
  <testcase classname="com.sample.test.demoScript1" name="DemoTest2" time="0.013"/>
  <system-out/>
  <testcase classname="com.sample.test.demoScript1" name="DemoTest1" time="0.014"/>
  <system-out/>
</testsuite> <!-- com.sample.test.demoScript1 -->
