<?xml version="1.0" encoding="UTF-8"?>
<!-- Generated by org.testng.reporters.JUnitReportReporter -->
<testsuite hostname="DESKTOP-42967V9" failures="0" tests="2" name="com.sample.test.Tickets" time="314.917" errors="0" timestamp="2021-03-15T22:48:58 IST" skipped="0">
  <testcase classname="com.sample.test.Tickets" name="createTicketTest" time="159.811"/>
  <system-out>
login successful for user: autotestuser_90@yopmail.com Ticket created Successfully logout Successful  </system-out>
  <testcase classname="com.sample.test.Tickets" name="searchAndVerifyTicketDetailsAndSendMessageAsClient" time="155.106"/>
  <system-out>
login successful for user: autotestuser_90@yopmail.com logout Successful  </system-out>
</testsuite> <!-- com.sample.test.Tickets -->
